0 info it worked if it ends with ok
1 verbose cli [ 'C:\\Program Files\\nodejs\\node.exe',
1 verbose cli   'C:\\Program Files\\nodejs\\node_modules\\npm\\bin\\npm-cli.js',
1 verbose cli   'run',
1 verbose cli   'test' ]
2 info using npm@3.10.8
3 info using node@v6.9.1
4 verbose run-script [ 'pretest', 'test', 'posttest' ]
5 info lifecycle bst_tests@1.0.0~pretest: bst_tests@1.0.0
6 silly lifecycle bst_tests@1.0.0~pretest: no script for pretest, continuing
7 info lifecycle bst_tests@1.0.0~test: bst_tests@1.0.0
8 verbose lifecycle bst_tests@1.0.0~test: unsafe-perm in lifecycle true
9 verbose lifecycle bst_tests@1.0.0~test: PATH: C:\Program Files\nodejs\node_modules\npm\bin\node-gyp-bin;C:\Users\Uladzimir_Halushka\Desktop\bst-tests\node_modules\.bin;C:\Users\Uladzimir_Halushka\bin;C:\Program Files\Git\mingw64\bin;C:\Program Files\Git\usr\local\bin;C:\Program Files\Git\usr\bin;C:\Program Files\Git\usr\bin;C:\Program Files\Git\mingw64\bin;C:\Program Files\Git\usr\bin;C:\Users\Uladzimir_Halushka\bin;C:\ProgramData\Oracle\Java\javapath;C:\WINDOWS\system32;C:\WINDOWS;C:\WINDOWS\System32\Wbem;C:\WINDOWS\System32\WindowsPowerShell\v1.0;C:\Program Files\TortoiseSVN\bin;C:\Program Files (x86)\Skype\Phone;C:\Program Files\Git\cmd;C:\Program Files\Git\mingw64\bin;C:\Program Files\Git\usr\bin;C:\Program Files\nodejs;C:\Users\Uladzimir_Halushka\AppData\Local\atom\bin;C:\Users\Uladzimir_Halushka\AppData\Roaming\npm;C:\Program Files\Git\usr\bin\vendor_perl;C:\Program Files\Git\usr\bin\core_perl
10 verbose lifecycle bst_tests@1.0.0~test: CWD: C:\Users\Uladzimir_Halushka\Desktop\bst-tests
11 silly lifecycle bst_tests@1.0.0~test: Args: [ '/d /s /c', 'mocha -r ./test/setup-mocha.js' ]
12 silly lifecycle bst_tests@1.0.0~test: Returned: code: 3  signal: null
13 info lifecycle bst_tests@1.0.0~test: Failed to exec test script
14 verbose stack Error: bst_tests@1.0.0 test: `mocha -r ./test/setup-mocha.js`
14 verbose stack Exit status 3
14 verbose stack     at EventEmitter.<anonymous> (C:\Program Files\nodejs\node_modules\npm\lib\utils\lifecycle.js:255:16)
14 verbose stack     at emitTwo (events.js:106:13)
14 verbose stack     at EventEmitter.emit (events.js:191:7)
14 verbose stack     at ChildProcess.<anonymous> (C:\Program Files\nodejs\node_modules\npm\lib\utils\spawn.js:40:14)
14 verbose stack     at emitTwo (events.js:106:13)
14 verbose stack     at ChildProcess.emit (events.js:191:7)
14 verbose stack     at maybeClose (internal/child_process.js:877:16)
14 verbose stack     at Process.ChildProcess._handle.onexit (internal/child_process.js:226:5)
15 verbose pkgid bst_tests@1.0.0
16 verbose cwd C:\Users\Uladzimir_Halushka\Desktop\bst-tests
17 error Windows_NT 10.0.10586
18 error argv "C:\\Program Files\\nodejs\\node.exe" "C:\\Program Files\\nodejs\\node_modules\\npm\\bin\\npm-cli.js" "run" "test"
19 error node v6.9.1
20 error npm  v3.10.8
21 error code ELIFECYCLE
22 error bst_tests@1.0.0 test: `mocha -r ./test/setup-mocha.js`
22 error Exit status 3
23 error Failed at the bst_tests@1.0.0 test script 'mocha -r ./test/setup-mocha.js'.
23 error Make sure you have the latest version of node.js and npm installed.
23 error If you do, this is most likely a problem with the bst_tests package,
23 error not with npm itself.
23 error Tell the author that this fails on your system:
23 error     mocha -r ./test/setup-mocha.js
23 error You can get information on how to open an issue for this project with:
23 error     npm bugs bst_tests
23 error Or if that isn't available, you can get their info via:
23 error     npm owner ls bst_tests
23 error There is likely additional logging output above.
24 verbose exit [ 1, true ]
